Godot Engine v4.6.3.stable.official.7d41c59c4 - https://godotengine.org

[   0% ] first_scan_filesystem | Started Project initialization (5 steps)
[   0% ] first_scan_filesystem | Scanning file structure...
[  16% ] first_scan_filesystem | Loading global class names...
[  33% ] first_scan_filesystem | Verifying GDExtensions...
[  50% ] first_scan_filesystem | Creating autoload scripts...
[  66% ] first_scan_filesystem | Initializing plugins...
WARNING: Addon 'res://addons/gdUnit4/plugin.cfg' failed to load. No directory found. Removing from enabled plugins.
   at: set_addon_plugin_enabled (editor/editor_node.cpp:4331)
[  83% ] first_scan_filesystem | Starting file scan...
[ DONE ] first_scan_filesystem

[   0% ] update_scripts_classes | Started Registering global classes... (2 steps)
[   0% ] update_scripts_classes | EntitySprite
[  33% ] update_scripts_classes | SpriteLayer
[ DONE ] update_scripts_classes

[   0% ] _update_scan_actions | Started Scanning actions... (202 steps)
[   0% ] _update_scan_actions | Briar Revenant-3d-animated.glb
[   0% ] _update_scan_actions | Iron Jailor-3d-animated.glb
[   0% ] _update_scan_actions | Primal Conflux-3d-animated.glb
[   1% ] _update_scan_actions | spritesheet.png
[   1% ] _update_scan_actions | spritesheet.png
[   2% ] _update_scan_actions | spritesheet.png
[   2% ] _update_scan_actions | spritesheet.png
[   3% ] _update_scan_actions | spritesheet.png
[   3% ] _update_scan_actions | spritesheet.png
[   4% ] _update_scan_actions | spritesheet.png
[   4% ] _update_scan_actions | spritesheet.png
[   5% ] _update_scan_actions | spritesheet.png
[   5% ] _update_scan_actions | spritesheet.png
[   6% ] _update_scan_actions | spritesheet.png
[   6% ] _update_scan_actions | spritesheet.png
[   7% ] _update_scan_actions | spritesheet.png
[   7% ] _update_scan_actions | spritesheet.png
[   8% ] _update_scan_actions | spritesheet.png
[   8% ] _update_scan_actions | spritesheet.png
[   9% ] _update_scan_actions | spritesheet.png
[   9% ] _update_scan_actions | spritesheet.png
[  10% ] _update_scan_actions | spritesheet.png
[  10% ] _update_scan_actions | spritesheet.png
[  11% ] _update_scan_actions | spritesheet.png
[  11% ] _update_scan_actions | spritesheet.png
[  12% ] _update_scan_actions | spritesheet.png
[  12% ] _update_scan_actions | spritesheet.png
[  13% ] _update_scan_actions | spritesheet.png
[  13% ] _update_scan_actions | spritesheet.png
[  14% ] _update_scan_actions | spritesheet.png
[  14% ] _update_scan_actions | spritesheet.png
[  15% ] _update_scan_actions | spritesheet.png
[  15% ] _update_scan_actions | spritesheet.png
[  16% ] _update_scan_actions | spritesheet.png
[  16% ] _update_scan_actions | spritesheet.png
[  17% ] _update_scan_actions | spritesheet.png
[  17% ] _update_scan_actions | spritesheet.png
[  18% ] _update_scan_actions | spritesheet.png
[  18% ] _update_scan_actions | spritesheet.png
[  19% ] _update_scan_actions | spritesheet.png
[  19% ] _update_scan_actions | Ghoul-3d-animated.glb
[  20% ] _update_scan_actions | spritesheet.png
[  20% ] _update_scan_actions | spritesheet.png
[  21% ] _update_scan_actions | spritesheet.png
[  21% ] _update_scan_actions | spritesheet.png
[  22% ] _update_scan_actions | spritesheet.png
[  22% ] _update_scan_actions | spritesheet.png
[  23% ] _update_scan_actions | spritesheet.png
[  23% ] _update_scan_actions | spritesheet.png
[  24% ] _update_scan_actions | spritesheet.png
[  24% ] _update_scan_actions | spritesheet.png
[  25% ] _update_scan_actions | spritesheet.png
[  25% ] _update_scan_actions | spritesheet.png
[  26% ] _update_scan_actions | spritesheet.png
[  26% ] _update_scan_actions | spritesheet.png
[  27% ] _update_scan_actions | spritesheet.png
[  27% ] _update_scan_actions | spritesheet.png
[  28% ] _update_scan_actions | spritesheet.png
[  28% ] _update_scan_actions | spritesheet.png
[  29% ] _update_scan_actions | spritesheet.png
[  29% ] _update_scan_actions | spritesheet.png
[  30% ] _update_scan_actions | spritesheet.png
[  30% ] _update_scan_actions | spritesheet.png
[  31% ] _update_scan_actions | spritesheet.png
[  31% ] _update_scan_actions | spritesheet.png
[  32% ] _update_scan_actions | spritesheet.png
[  32% ] _update_scan_actions | spritesheet.png
[  33% ] _update_scan_actions | spritesheet.png
[  33% ] _update_scan_actions | Warlock - Infernax (Transformation)-3d-animated.glb
[  33% ] _update_scan_actions | spritesheet.png
[  34% ] _update_scan_actions | spritesheet.png
[  34% ] _update_scan_actions | spritesheet.png
[  35% ] _update_scan_actions | spritesheet.png
[  35% ] _update_scan_actions | spritesheet.png
[  36% ] _update_scan_actions | spritesheet.png
[  36% ] _update_scan_actions | spritesheet.png
[  37% ] _update_scan_actions | spritesheet.png
[  37% ] _update_scan_actions | spritesheet.png
[  38% ] _update_scan_actions | spritesheet.png
[  38% ] _update_scan_actions | spritesheet.png
[  39% ] _update_scan_actions | spritesheet.png
[  39% ] _update_scan_actions | spritesheet.png
[  40% ] _update_scan_actions | spritesheet.png
[  40% ] _update_scan_actions | spritesheet.png
[  41% ] _update_scan_actions | spritesheet.png
[  41% ] _update_scan_actions | spritesheet.png
[  42% ] _update_scan_actions | spritesheet.png
[  42% ] _update_scan_actions | spritesheet.png
[  43% ] _update_scan_actions | spritesheet.png
[  43% ] _update_scan_actions | spritesheet.png
[  44% ] _update_scan_actions | spritesheet.png
[  44% ] _update_scan_actions | spritesheet.png
[  45% ] _update_scan_actions | spritesheet.png
[  45% ] _update_scan_actions | spritesheet.png
[  46% ] _update_scan_actions | Orc-3d-animated.glb
[  46% ] _update_scan_actions | Pirate Zombie-3d-animated.glb
[  47% ] _update_scan_actions | SharkMan-3d-animated.glb
[  47% ] _update_scan_actions | spritesheet.png
[  48% ] _update_scan_actions | spritesheet.png
[  48% ] _update_scan_actions | spritesheet.png
[  49% ] _update_scan_actions | spritesheet.png
[  49% ] _update_scan_actions | spritesheet.png
[  50% ] _update_scan_actions | spritesheet.png
[  50% ] _update_scan_actions | spritesheet.png
[  51% ] _update_scan_actions | spritesheet.png
[  51% ] _update_scan_actions | spritesheet.png
[  52% ] _update_scan_actions | spritesheet.png
[  52% ] _update_scan_actions | spritesheet.png
[  53% ] _update_scan_actions | spritesheet.png
[  53% ] _update_scan_actions | spritesheet.png
[  54% ] _update_scan_actions | spritesheet.png
[  54% ] _update_scan_actions | spritesheet.png
[  55% ] _update_scan_actions | spritesheet.png
[  55% ] _update_scan_actions | spritesheet.png
[  56% ] _update_scan_actions | spritesheet.png
[  56% ] _update_scan_actions | spritesheet.png
[  57% ] _update_scan_actions | spritesheet.png
[  57% ] _update_scan_actions | spritesheet.png
[  58% ] _update_scan_actions | spritesheet.png
[  58% ] _update_scan_actions | spritesheet.png
[  59% ] _update_scan_actions | spritesheet.png
[  59% ] _update_scan_actions | spritesheet.png
[  60% ] _update_scan_actions | Skeleton-3d-animated.glb
[  60% ] _update_scan_actions | spritesheet.png
[  61% ] _update_scan_actions | spritesheet.png
[  61% ] _update_scan_actions | spritesheet.png
[  62% ] _update_scan_actions | spritesheet.png
[  62% ] _update_scan_actions | spritesheet.png
[  63% ] _update_scan_actions | spritesheet.png
[  63% ] _update_scan_actions | spritesheet.png
[  64% ] _update_scan_actions | spritesheet.png
[  64% ] _update_scan_actions | spritesheet.png
[  65% ] _update_scan_actions | spritesheet.png
[  65% ] _update_scan_actions | spritesheet.png
[  66% ] _update_scan_actions | spritesheet.png
[  66% ] _update_scan_actions | spritesheet.png
[  66% ] _update_scan_actions | spritesheet.png
[  67% ] _update_scan_actions | spritesheet.png
[  67% ] _update_scan_actions | spritesheet.png
[  68% ] _update_scan_actions | spritesheet.png
[  68% ] _update_scan_actions | spritesheet.png
[  69% ] _update_scan_actions | spritesheet.png
[  69% ] _update_scan_actions | spritesheet.png
[  70% ] _update_scan_actions | spritesheet.png
[  70% ] _update_scan_actions | spritesheet.png
[  71% ] _update_scan_actions | spritesheet.png
[  71% ] _update_scan_actions | spritesheet.png
[  72% ] _update_scan_actions | spritesheet.png
[  72% ] _update_scan_actions | spritesheet.png
[  73% ] _update_scan_actions | Troll-3d-animated.glb
[  73% ] _update_scan_actions | Wraith-3d-animated.glb
[  74% ] _update_scan_actions | spritesheet.png
[  74% ] _update_scan_actions | spritesheet.png
[  75% ] _update_scan_actions | spritesheet.png
[  75% ] _update_scan_actions | spritesheet.png
[  76% ] _update_scan_actions | spritesheet.png
[  76% ] _update_scan_actions | spritesheet.png
[  77% ] _update_scan_actions | spritesheet.png
[  77% ] _update_scan_actions | spritesheet.png
[  78% ] _update_scan_actions | spritesheet.png
[  78% ] _update_scan_actions | spritesheet.png
[  79% ] _update_scan_actions | spritesheet.png
[  79% ] _update_scan_actions | spritesheet.png
[  80% ] _update_scan_actions | spritesheet.png
[  80% ] _update_scan_actions | spritesheet.png
[  81% ] _update_scan_actions | spritesheet.png
[  81% ] _update_scan_actions | spritesheet.png
[  82% ] _update_scan_actions | spritesheet.png
[  82% ] _update_scan_actions | spritesheet.png
[  83% ] _update_scan_actions | spritesheet.png
[  83% ] _update_scan_actions | spritesheet.png
[  84% ] _update_scan_actions | spritesheet.png
[  84% ] _update_scan_actions | spritesheet.png
[  85% ] _update_scan_actions | spritesheet.png
[  85% ] _update_scan_actions | spritesheet.png
[  86% ] _update_scan_actions | spritesheet.png
[  86% ] _update_scan_actions | Zombie-3d-animated.glb
[  87% ] _update_scan_actions | Barbarian-3d-animated.glb
[  87% ] _update_scan_actions | Cleric-3d-animated.glb
[  88% ] _update_scan_actions | spritesheet.png
[  88% ] _update_scan_actions | sword_wooden.png
[  89% ] _update_scan_actions | Kevin-3d-animated.glb
[  89% ] _update_scan_actions | Paladin-3d-animated.glb
[  90% ] _update_scan_actions | Ranger-3d-animated.glb
[  90% ] _update_scan_actions | Rogue-3d-animated.glb
[  91% ] _update_scan_actions | Wizard-3d-animated.glb
[  91% ] _update_scan_actions | Fireball.glb
[  92% ] _update_scan_actions | An ice projectile.glb
[  92% ] _update_scan_actions | Poisonball.glb
[  93% ] _update_scan_actions | clockwork-props.png
[  93% ] _update_scan_actions | cyberpunk-props.png
[  94% ] _update_scan_actions | fantasy-props.png
[  94% ] _update_scan_actions | forest-props.png
[  95% ] _update_scan_actions | nightmare-props.png
[  95% ] _update_scan_actions | pirate-props.png
[  96% ] _update_scan_actions | clockwork-tiles.png
[  96% ] _update_scan_actions | cyberpunk-tiles.png
[  97% ] _update_scan_actions | dungeon-floor-wall-tiles.png
[  97% ] _update_scan_actions | fantasy-tiles.png
[  98% ] _update_scan_actions | forest-tiles.png
[  98% ] _update_scan_actions | nightmare-tiles.png
[  99% ] _update_scan_actions | pirate-tiles.png
[ DONE ] _update_scan_actions

[   0% ] reimport | Started (Re)Importing Assets (202 steps)
[   0% ] reimport | Preparing files to reimport...
[   0% ] reimport | Preparing files to reimport...
[   0% ] reimport | Preparing files to reimport...
[   1% ] reimport | Preparing files to reimport...
[   1% ] reimport | Preparing files to reimport...
[   2% ] reimport | Preparing files to reimport...
[   2% ] reimport | Preparing files to reimport...
[   3% ] reimport | Preparing files to reimport...
[   3% ] reimport | Preparing files to reimport...
[   4% ] reimport | Preparing files to reimport...
[   4% ] reimport | Preparing files to reimport...
[   5% ] reimport | Preparing files to reimport...
[   5% ] reimport | Preparing files to reimport...
[   6% ] reimport | Preparing files to reimport...
[   6% ] reimport | Preparing files to reimport...
[   7% ] reimport | Preparing files to reimport...
[   7% ] reimport | Preparing files to reimport...
[   8% ] reimport | Preparing files to reimport...
[   8% ] reimport | Preparing files to reimport...
[   9% ] reimport | Preparing files to reimport...
[   9% ] reimport | Preparing files to reimport...
[  10% ] reimport | Preparing files to reimport...
[  10% ] reimport | Preparing files to reimport...
[  11% ] reimport | Preparing files to reimport...
[  11% ] reimport | Preparing files to reimport...
[  12% ] reimport | Preparing files to reimport...
[  12% ] reimport | Preparing files to reimport...
[  13% ] reimport | Preparing files to reimport...
[  13% ] reimport | Preparing files to reimport...
[  14% ] reimport | Preparing files to reimport...
[  14% ] reimport | Preparing files to reimport...
[  15% ] reimport | Preparing files to reimport...
[  15% ] reimport | Preparing files to reimport...
[  16% ] reimport | Preparing files to reimport...
[  16% ] reimport | Preparing files to reimport...
[  17% ] reimport | Preparing files to reimport...
[  17% ] reimport | Preparing files to reimport...
[  18% ] reimport | Preparing files to reimport...
[  18% ] reimport | Preparing files to reimport...
[  19% ] reimport | Preparing files to reimport...
[  19% ] reimport | Preparing files to reimport...
[  20% ] reimport | Preparing files to reimport...
[  20% ] reimport | Preparing files to reimport...
[  21% ] reimport | Preparing files to reimport...
[  21% ] reimport | Preparing files to reimport...
[  22% ] reimport | Preparing files to reimport...
[  22% ] reimport | Preparing files to reimport...
[  23% ] reimport | Preparing files to reimport...
[  23% ] reimport | Preparing files to reimport...
[  24% ] reimport | Preparing files to reimport...
[  24% ] reimport | Preparing files to reimport...
[  25% ] reimport | Preparing files to reimport...
[  25% ] reimport | Preparing files to reimport...
[  26% ] reimport | Preparing files to reimport...
[  26% ] reimport | Preparing files to reimport...
[  27% ] reimport | Preparing files to reimport...
[  27% ] reimport | Preparing files to reimport...
[  28% ] reimport | Preparing files to reimport...
[  28% ] reimport | Preparing files to reimport...
[  29% ] reimport | Preparing files to reimport...
[  29% ] reimport | Preparing files to reimport...
[  30% ] reimport | Preparing files to reimport...
[  30% ] reimport | Preparing files to reimport...
[  31% ] reimport | Preparing files to reimport...
[  31% ] reimport | Preparing files to reimport...
[  32% ] reimport | Preparing files to reimport...
[  32% ] reimport | Preparing files to reimport...
[  33% ] reimport | Preparing files to reimport...
[  33% ] reimport | Preparing files to reimport...
[  33% ] reimport | Preparing files to reimport...
[  34% ] reimport | Preparing files to reimport...
[  34% ] reimport | Preparing files to reimport...
[  35% ] reimport | Preparing files to reimport...
[  35% ] reimport | Preparing files to reimport...
[  36% ] reimport | Preparing files to reimport...
[  36% ] reimport | Preparing files to reimport...
[  37% ] reimport | Preparing files to reimport...
[  37% ] reimport | Preparing files to reimport...
[  38% ] reimport | Preparing files to reimport...
[  38% ] reimport | Preparing files to reimport...
[  39% ] reimport | Preparing files to reimport...
[  39% ] reimport | Preparing files to reimport...
[  40% ] reimport | Preparing files to reimport...
[  40% ] reimport | Preparing files to reimport...
[  41% ] reimport | Preparing files to reimport...
[  41% ] reimport | Preparing files to reimport...
[  42% ] reimport | Preparing files to reimport...
[  42% ] reimport | Preparing files to reimport...
[  43% ] reimport | Preparing files to reimport...
[  43% ] reimport | Preparing files to reimport...
[  44% ] reimport | Preparing files to reimport...
[  44% ] reimport | Preparing files to reimport...
[  45% ] reimport | Preparing files to reimport...
[  45% ] reimport | Preparing files to reimport...
[  46% ] reimport | Preparing files to reimport...
[  46% ] reimport | Preparing files to reimport...
[  47% ] reimport | Preparing files to reimport...
[  47% ] reimport | Preparing files to reimport...
[  48% ] reimport | Preparing files to reimport...
[  48% ] reimport | Preparing files to reimport...
[  49% ] reimport | Preparing files to reimport...
[  49% ] reimport | Preparing files to reimport...
[  50% ] reimport | Preparing files to reimport...
[  50% ] reimport | Preparing files to reimport...
[  51% ] reimport | Preparing files to reimport...
[  51% ] reimport | Preparing files to reimport...
[  52% ] reimport | Preparing files to reimport...
[  52% ] reimport | Preparing files to reimport...
[  53% ] reimport | Preparing files to reimport...
[  53% ] reimport | Preparing files to reimport...
[  54% ] reimport | Preparing files to reimport...
[  54% ] reimport | Preparing files to reimport...
[  55% ] reimport | Preparing files to reimport...
[  55% ] reimport | Preparing files to reimport...
[  56% ] reimport | Preparing files to reimport...
[  56% ] reimport | Preparing files to reimport...
[  57% ] reimport | Preparing files to reimport...
[  57% ] reimport | Preparing files to reimport...
[  58% ] reimport | Preparing files to reimport...
[  58% ] reimport | Preparing files to reimport...
[  59% ] reimport | Preparing files to reimport...
[  59% ] reimport | Preparing files to reimport...
[  60% ] reimport | Preparing files to reimport...
[  60% ] reimport | Preparing files to reimport...
[  61% ] reimport | Preparing files to reimport...
[  61% ] reimport | Preparing files to reimport...
[  62% ] reimport | Preparing files to reimport...
[  62% ] reimport | Preparing files to reimport...
[  63% ] reimport | Preparing files to reimport...
[  63% ] reimport | Preparing files to reimport...
[  64% ] reimport | Preparing files to reimport...
[  64% ] reimport | Preparing files to reimport...
[  65% ] reimport | Preparing files to reimport...
[  65% ] reimport | Preparing files to reimport...
[  66% ] reimport | Preparing files to reimport...
[  66% ] reimport | Preparing files to reimport...
[  66% ] reimport | Preparing files to reimport...
[  67% ] reimport | Preparing files to reimport...
[  67% ] reimport | Preparing files to reimport...
[  68% ] reimport | Preparing files to reimport...
[  68% ] reimport | Preparing files to reimport...
[  69% ] reimport | Preparing files to reimport...
[  69% ] reimport | Preparing files to reimport...
[  70% ] reimport | Preparing files to reimport...
[  70% ] reimport | Preparing files to reimport...
[  71% ] reimport | Preparing files to reimport...
[  71% ] reimport | Preparing files to reimport...
[  72% ] reimport | Preparing files to reimport...
[  72% ] reimport | Preparing files to reimport...
[  73% ] reimport | Preparing files to reimport...
[  73% ] reimport | Preparing files to reimport...
[  74% ] reimport | Preparing files to reimport...
[  74% ] reimport | Preparing files to reimport...
[  75% ] reimport | Preparing files to reimport...
[  75% ] reimport | Preparing files to reimport...
[  76% ] reimport | Preparing files to reimport...
[  76% ] reimport | Preparing files to reimport...
[  77% ] reimport | Preparing files to reimport...
[  77% ] reimport | Preparing files to reimport...
[  78% ] reimport | Preparing files to reimport...
[  78% ] reimport | Preparing files to reimport...
[  79% ] reimport | Preparing files to reimport...
[  79% ] reimport | Preparing files to reimport...
[  80% ] reimport | Preparing files to reimport...
[  80% ] reimport | Preparing files to reimport...
[  81% ] reimport | Preparing files to reimport...
[  81% ] reimport | Preparing files to reimport...
[  82% ] reimport | Preparing files to reimport...
[  82% ] reimport | Preparing files to reimport...
[  83% ] reimport | Preparing files to reimport...
[  83% ] reimport | Preparing files to reimport...
[  84% ] reimport | Preparing files to reimport...
[  84% ] reimport | Preparing files to reimport...
[  85% ] reimport | Preparing files to reimport...
[  85% ] reimport | Preparing files to reimport...
[  86% ] reimport | Preparing files to reimport...
[  86% ] reimport | Preparing files to reimport...
[  87% ] reimport | Preparing files to reimport...
[  87% ] reimport | Preparing files to reimport...
[  88% ] reimport | Preparing files to reimport...
[  88% ] reimport | Preparing files to reimport...
[  89% ] reimport | Preparing files to reimport...
[  89% ] reimport | Preparing files to reimport...
[  90% ] reimport | Preparing files to reimport...
[  90% ] reimport | Preparing files to reimport...
[  91% ] reimport | Preparing files to reimport...
[  91% ] reimport | Preparing files to reimport...
[  92% ] reimport | Preparing files to reimport...
[  92% ] reimport | Preparing files to reimport...
[  93% ] reimport | Preparing files to reimport...
[  93% ] reimport | Preparing files to reimport...
[  94% ] reimport | Preparing files to reimport...
[  94% ] reimport | Preparing files to reimport...
[  95% ] reimport | Preparing files to reimport...
[  95% ] reimport | Preparing files to reimport...
[  96% ] reimport | Preparing files to reimport...
[  96% ] reimport | Preparing files to reimport...
[  97% ] reimport | Preparing files to reimport...
[  97% ] reimport | Preparing files to reimport...
[  98% ] reimport | Preparing files to reimport...
[  98% ] reimport | Preparing files to reimport...
[  99% ] reimport | Preparing files to reimport...
[   0% ] reimport | Executing pre-reimport operations...
[   0% ] preload_reimporting_scene | Started Preparing scenes for reload (1 steps)
[   0% ] preload_reimporting_scene | Analyzing scene [empty]
[  50% ] preload_reimporting_scene | Preparation done.
[ DONE ] preload_reimporting_scene

[   0% ] reimport | spritesheet.png
[   0% ] reimport | spritesheet.png
[   0% ] reimport | spritesheet.png
[   1% ] reimport | spritesheet.png
[   1% ] reimport | spritesheet.png
[   2% ] reimport | spritesheet.png
[   2% ] reimport | spritesheet.png
[   3% ] reimport | spritesheet.png
[   3% ] reimport | spritesheet.png
[   4% ] reimport | spritesheet.png
[   4% ] reimport | spritesheet.png
[   5% ] reimport | spritesheet.png
[   5% ] reimport | spritesheet.png
[   6% ] reimport | spritesheet.png
[   6% ] reimport | spritesheet.png
[   7% ] reimport | spritesheet.png
[   7% ] reimport | spritesheet.png
[   8% ] reimport | spritesheet.png
[   8% ] reimport | spritesheet.png
[   9% ] reimport | spritesheet.png
[   9% ] reimport | spritesheet.png
[  10% ] reimport | spritesheet.png
[  10% ] reimport | spritesheet.png
[  11% ] reimport | spritesheet.png
[  11% ] reimport | spritesheet.png
[  12% ] reimport | spritesheet.png
[  12% ] reimport | spritesheet.png
[  13% ] reimport | spritesheet.png
[  13% ] reimport | spritesheet.png
[  14% ] reimport | spritesheet.png
[  14% ] reimport | spritesheet.png
[  15% ] reimport | spritesheet.png
[  15% ] reimport | spritesheet.png
[  16% ] reimport | spritesheet.png
[  16% ] reimport | spritesheet.png
[  17% ] reimport | spritesheet.png
[  17% ] reimport | spritesheet.png
[  18% ] reimport | spritesheet.png
[  18% ] reimport | spritesheet.png
[  19% ] reimport | spritesheet.png
[  19% ] reimport | spritesheet.png
[  20% ] reimport | spritesheet.png
[  20% ] reimport | spritesheet.png
[  21% ] reimport | spritesheet.png
[  21% ] reimport | spritesheet.png
[  22% ] reimport | spritesheet.png
[  22% ] reimport | spritesheet.png
[  23% ] reimport | spritesheet.png
[  23% ] reimport | spritesheet.png
[  24% ] reimport | spritesheet.png
[  24% ] reimport | spritesheet.png
[  25% ] reimport | spritesheet.png
[  25% ] reimport | spritesheet.png
[  26% ] reimport | spritesheet.png
[  26% ] reimport | spritesheet.png
[  27% ] reimport | sword_wooden.png
[  27% ] reimport | clockwork-props.png
[  28% ] reimport | cyberpunk-props.png
[  28% ] reimport | fantasy-props.png
[  29% ] reimport | forest-props.png
[  29% ] reimport | nightmare-props.png
[  30% ] reimport | pirate-props.png
[  30% ] reimport | clockwork-tiles.png
[  31% ] reimport | cyberpunk-tiles.png
[  31% ] reimport | dungeon-floor-wall-tiles.png
[  32% ] reimport | fantasy-tiles.png
[  32% ] reimport | forest-tiles.png
[  33% ] reimport | nightmare-tiles.png
[  33% ] reimport | pirate-tiles.png
[  33% ] reimport | spritesheet.png
[  34% ] reimport | spritesheet.png
[  34% ] reimport | spritesheet.png
[  35% ] reimport | spritesheet.png
[  35% ] reimport | spritesheet.png
[  36% ] reimport | spritesheet.png
[  36% ] reimport | spritesheet.png
[  37% ] reimport | spritesheet.png
[  37% ] reimport | spritesheet.png
[  38% ] reimport | spritesheet.png
[  38% ] reimport | spritesheet.png
[  39% ] reimport | spritesheet.png
[  39% ] reimport | spritesheet.png
[  40% ] reimport | spritesheet.png
[  40% ] reimport | spritesheet.png
[  41% ] reimport | spritesheet.png
[  41% ] reimport | spritesheet.png
[  42% ] reimport | spritesheet.png
[  42% ] reimport | spritesheet.png
[  43% ] reimport | spritesheet.png
[  43% ] reimport | spritesheet.png
[  44% ] reimport | spritesheet.png
[  44% ] reimport | spritesheet.png
[  45% ] reimport | spritesheet.png
[  45% ] reimport | spritesheet.png
[  46% ] reimport | spritesheet.png
[  46% ] reimport | spritesheet.png
[  47% ] reimport | spritesheet.png
[  47% ] reimport | spritesheet.png
[  48% ] reimport | spritesheet.png
[  48% ] reimport | spritesheet.png
[  49% ] reimport | spritesheet.png
[  49% ] reimport | spritesheet.png
[  50% ] reimport | spritesheet.png
[  50% ] reimport | spritesheet.png
[  51% ] reimport | spritesheet.png
[  51% ] reimport | spritesheet.png
[  52% ] reimport | spritesheet.png
[  52% ] reimport | spritesheet.png
[  53% ] reimport | spritesheet.png
[  53% ] reimport | spritesheet.png
[  54% ] reimport | spritesheet.png
[  54% ] reimport | spritesheet.png
[  55% ] reimport | spritesheet.png
[  55% ] reimport | spritesheet.png
[  56% ] reimport | spritesheet.png
[  56% ] reimport | spritesheet.png
[  57% ] reimport | spritesheet.png
[  57% ] reimport | spritesheet.png
[  58% ] reimport | spritesheet.png
[  58% ] reimport | spritesheet.png
[  59% ] reimport | spritesheet.png
[  59% ] reimport | spritesheet.png
[  60% ] reimport | spritesheet.png
[  60% ] reimport | spritesheet.png
[  61% ] reimport | spritesheet.png
[  61% ] reimport | spritesheet.png
[  62% ] reimport | spritesheet.png
[  62% ] reimport | spritesheet.png
[  63% ] reimport | spritesheet.png
[  63% ] reimport | spritesheet.png
[  64% ] reimport | spritesheet.png
[  64% ] reimport | spritesheet.png
[  65% ] reimport | spritesheet.png
[  65% ] reimport | spritesheet.png
[  66% ] reimport | spritesheet.png
[  66% ] reimport | spritesheet.png
[  66% ] reimport | spritesheet.png
[  67% ] reimport | spritesheet.png
[  67% ] reimport | spritesheet.png
[  68% ] reimport | spritesheet.png
[  68% ] reimport | spritesheet.png
[  69% ] reimport | spritesheet.png
[  69% ] reimport | spritesheet.png
[  70% ] reimport | spritesheet.png
[  70% ] reimport | spritesheet.png
[  71% ] reimport | spritesheet.png
[  71% ] reimport | spritesheet.png
[  72% ] reimport | spritesheet.png
[  72% ] reimport | spritesheet.png
[  73% ] reimport | spritesheet.png
[  73% ] reimport | spritesheet.png
[  74% ] reimport | spritesheet.png
[  74% ] reimport | spritesheet.png
[  75% ] reimport | spritesheet.png
[  75% ] reimport | spritesheet.png
[  76% ] reimport | spritesheet.png
[  76% ] reimport | spritesheet.png
[  77% ] reimport | spritesheet.png
[  77% ] reimport | spritesheet.png
[  78% ] reimport | spritesheet.png
[  78% ] reimport | spritesheet.png
[  79% ] reimport | spritesheet.png
[  79% ] reimport | spritesheet.png
[  80% ] reimport | spritesheet.png
[  80% ] reimport | spritesheet.png
[  81% ] reimport | spritesheet.png
[  81% ] reimport | spritesheet.png
[  82% ] reimport | spritesheet.png
[  82% ] reimport | spritesheet.png
[  83% ] reimport | spritesheet.png
[  83% ] reimport | spritesheet.png
[  84% ] reimport | spritesheet.png
[  84% ] reimport | spritesheet.png
[  85% ] reimport | spritesheet.png
[  85% ] reimport | spritesheet.png
[  86% ] reimport | spritesheet.png
[  86% ] reimport | spritesheet.png
[  87% ] reimport | spritesheet.png
[  87% ] reimport | spritesheet.png
[  88% ] reimport | spritesheet.png
[  88% ] reimport | Primal Conflux-3d-animated.glb
[   0% ] import | Started Import Scene (104 steps)
[   0% ] import | Importing Scene...
[   1% ] import | Running Custom Script...
[  99% ] import | Saving...
[ DONE ] import

[  89% ] reimport | Orc-3d-animated.glb
[   0% ] import | Started Import Scene (104 steps)
[   0% ] import | Importing Scene...
[   1% ] import | Running Custom Script...
[  99% ] import | Saving...
[ DONE ] import

[  89% ] reimport | Pirate Zombie-3d-animated.glb
[   0% ] import | Started Import Scene (104 steps)
[   0% ] import | Importing Scene...
[   1% ] import | Running Custom Script...
[  99% ] import | Saving...
[ DONE ] import

[  90% ] reimport | SharkMan-3d-animated.glb
[   0% ] import | Started Import Scene (104 steps)
[   0% ] import | Importing Scene...
[   1% ] import | Running Custom Script...
[  99% ] import | Saving...
[ DONE ] import

[  90% ] reimport | Iron Jailor-3d-animated.glb
[   0% ] import | Started Import Scene (104 steps)
[   0% ] import | Importing Scene...
[   1% ] import | Running Custom Script...
[  99% ] import | Saving...
[ DONE ] import

[  91% ] reimport | Briar Revenant-3d-animated.glb
[   0% ] import | Started Import Scene (104 steps)
[   0% ] import | Importing Scene...
[   1% ] import | Running Custom Script...
[  99% ] import | Saving...
[ DONE ] import

[  91% ] reimport | Poisonball.glb
[   0% ] import | Started Import Scene (104 steps)
[   0% ] import | Importing Scene...
[   1% ] import | Running Custom Script...
[  99% ] import | Saving...
[ DONE ] import

[  92% ] reimport | An ice projectile.glb
[   0% ] import | Started Import Scene (104 steps)
[   0% ] import | Importing Scene...
[   1% ] import | Running Custom Script...
[  99% ] import | Saving...
[ DONE ] import

[  92% ] reimport | Fireball.glb
[   0% ] import | Started Import Scene (104 steps)
[   0% ] import | Importing Scene...
[   1% ] import | Running Custom Script...
[  99% ] import | Saving...
[ DONE ] import

[  93% ] reimport | Wizard-3d-animated.glb
[   0% ] import | Started Import Scene (104 steps)
[   0% ] import | Importing Scene...
[   1% ] import | Running Custom Script...
[  99% ] import | Saving...
[ DONE ] import

[  93% ] reimport | Rogue-3d-animated.glb
[   0% ] import | Started Import Scene (104 steps)
[   0% ] import | Importing Scene...
[   1% ] import | Running Custom Script...
[  99% ] import | Saving...
[ DONE ] import

[  94% ] reimport | Ranger-3d-animated.glb
[   0% ] import | Started Import Scene (104 steps)
[   0% ] import | Importing Scene...
[   1% ] import | Running Custom Script...
[  99% ] import | Saving...
[ DONE ] import

[  94% ] reimport | Paladin-3d-animated.glb
[   0% ] import | Started Import Scene (104 steps)
[   0% ] import | Importing Scene...
[   1% ] import | Running Custom Script...
[  99% ] import | Saving...
[ DONE ] import

[  95% ] reimport | Kevin-3d-animated.glb
[   0% ] import | Started Import Scene (104 steps)
[   0% ] import | Importing Scene...
[   1% ] import | Running Custom Script...
[  99% ] import | Saving...
[ DONE ] import

[  95% ] reimport | Cleric-3d-animated.glb
[   0% ] import | Started Import Scene (104 steps)
[   0% ] import | Importing Scene...
[   1% ] import | Running Custom Script...
[  99% ] import | Saving...
[ DONE ] import

[  96% ] reimport | Barbarian-3d-animated.glb
[   0% ] import | Started Import Scene (104 steps)
[   0% ] import | Importing Scene...
[   1% ] import | Running Custom Script...
[  99% ] import | Saving...
[ DONE ] import

[  96% ] reimport | Zombie-3d-animated.glb
[   0% ] import | Started Import Scene (104 steps)
[   0% ] import | Importing Scene...
[   1% ] import | Running Custom Script...
[  99% ] import | Saving...
[ DONE ] import

[  97% ] reimport | Ghoul-3d-animated.glb
[   0% ] import | Started Import Scene (104 steps)
[   0% ] import | Importing Scene...
[   1% ] import | Running Custom Script...
[  99% ] import | Saving...
[ DONE ] import

[  97% ] reimport | Troll-3d-animated.glb
[   0% ] import | Started Import Scene (104 steps)
[   0% ] import | Importing Scene...
[   1% ] import | Running Custom Script...
[  99% ] import | Saving...
[ DONE ] import

[  98% ] reimport | Wraith-3d-animated.glb
[   0% ] import | Started Import Scene (104 steps)
[   0% ] import | Importing Scene...
[   1% ] import | Running Custom Script...
[  99% ] import | Saving...
[ DONE ] import

[  98% ] reimport | Skeleton-3d-animated.glb
[   0% ] import | Started Import Scene (104 steps)
[   0% ] import | Importing Scene...
[   1% ] import | Running Custom Script...
[  99% ] import | Saving...
[ DONE ] import

[  99% ] reimport | Warlock - Infernax (Transformation)-3d-animated.glb
[   0% ] import | Started Import Scene (104 steps)
[   0% ] import | Importing Scene...
[   1% ] import | Running Custom Script...
[  99% ] import | Saving...
[ DONE ] import

[  99% ] reimport | Finalizing Asset Import...
[ DONE ] reimport

[   0% ] reimport | Started (Re)Importing Assets (202 steps)
[   0% ] reimport | Executing post-reimport operations...
[ DONE ] reimport

[   0% ] loading_editor_layout | Started Loading editor (5 steps)
[   0% ] loading_editor_layout | Loading editor layout...
[  16% ] loading_editor_layout | Loading docks...
[  33% ] loading_editor_layout | Reopening scenes...
[  50% ] loading_editor_layout | Loading central editor layout...
[  66% ] loading_editor_layout | Loading plugin window layout...
[  83% ] loading_editor_layout | Editor layout ready.
[ DONE ] loading_editor_layout

ERROR: Cannot save file 'C:/Users/Dallas/AppData/Roaming/Godot/editor_settings-4.6.tres'.
   at: save (scene/resources/resource_format_text.cpp:1756)
ERROR: Error saving editor settings to C:/Users/Dallas/AppData/Roaming/Godot/editor_settings-4.6.tres
   at: save (editor/settings/editor_settings.cpp:1404)
